# JRE version: Java(TM) SE Runtime Environment (8.0_131-b11) (build 1.8.0_131-b11)
# Java VM: Java HotSpot(TM) 64-Bit Server VM (25.131-b11 mixed mode windows-amd64 compressed oops)
Heap:
 PSYoungGen      total 106496K, used 15203K [0x00000000e0000000, 0x00000000e9e00000, 0x0000000100000000)
  eden space 95744K, 15% used [0x00000000e0000000,0x00000000e0ed8d80,0x00000000e5d80000)
  from space 10752K, 0% used [0x00000000e5d80000,0x00000000e5d80000,0x00000000e6800000)
  to   space 11776K, 0% used [0x00000000e9280000,0x00000000e9280000,0x00000000e9e00000)
 ParOldGen       total 102912K, used 16530K [0x00000000a0000000, 0x00000000a6480000, 0x00000000e0000000)
  object space 102912K, 16% used [0x00000000a0000000,0x00000000a1024930,0x00000000a6480000)
 Metaspace       used 35044K, capacity 35620K, committed 35968K, reserved 1081344K
  class space    used 4785K, capacity 4973K, committed 4992K, reserved 1048576K
GC Heap History (10 events):
Event: 5.036 GC heap before
{Heap before GC invocations=5 (full 1):
 PSYoungGen      total 71680K, used 5088K [0x00000000e0000000, 0x00000000e4b00000, 0x0000000100000000)
  eden space 66560K, 0% used [0x00000000e0000000,0x00000000e0000000,0x00000000e4100000)
  from space 5120K, 99% used [0x00000000e4600000,0x00000000e4af8020,0x00000000e4b00000)
  to   space 5120K, 0% used [0x00000000e4100000,0x00000000e4100000,0x00000000e4600000)
 ParOldGen       total 87552K, used 7453K [0x00000000a0000000, 0x00000000a5580000, 0x00000000e0000000)
  object space 87552K, 8% used [0x00000000a0000000,0x00000000a07474b8,0x00000000a5580000)
 Metaspace       used 20836K, capacity 21166K, committed 21296K, reserved 1067008K
  class space    used 2812K, capacity 2914K, committed 2944K, reserved 1048576K
Event: 5.102 GC heap after
Heap after GC invocations=5 (full 1):
 PSYoungGen      total 71680K, used 0K [0x00000000e0000000, 0x00000000e4b00000, 0x0000000100000000)
  eden space 66560K, 0% used [0x00000000e0000000,0x00000000e0000000,0x00000000e4100000)
  from space 5120K, 0% used [0x00000000e4600000,0x00000000e4600000,0x00000000e4b00000)
  to   space 5120K, 0% used [0x00000000e4100000,0x00000000e4100000,0x00000000e4600000)
 ParOldGen       total 63488K, used 7989K [0x00000000a0000000, 0x00000000a3e00000, 0x00000000e0000000)
  object space 63488K, 12% used [0x00000000a0000000,0x00000000a07cd728,0x00000000a3e00000)
 Metaspace       used 20836K, capacity 21166K, committed 21296K, reserved 1067008K
  class space    used 2812K, capacity 2914K, committed 2944K, reserved 1048576K
}
Event: 7.361 GC heap before
{Heap before GC invocations=6 (full 1):
 PSYoungGen      total 71680K, used 66560K [0x00000000e0000000, 0x00000000e4b00000, 0x0000000100000000)
  eden space 66560K, 100% used [0x00000000e0000000,0x00000000e4100000,0x00000000e4100000)
  from space 5120K, 0% used [0x00000000e4600000,0x00000000e4600000,0x00000000e4b00000)
  to   space 5120K, 0% used [0x00000000e4100000,0x00000000e4100000,0x00000000e4600000)
 ParOldGen       total 63488K, used 7989K [0x00000000a0000000, 0x00000000a3e00000, 0x00000000e0000000)
  object space 63488K, 12% used [0x00000000a0000000,0x00000000a07cd728,0x00000000a3e00000)
 Metaspace       used 26293K, capacity 26708K, committed 27008K, reserved 1073152K
  class space    used 3705K, capacity 3864K, committed 3968K, reserved 1048576K
Event: 7.373 GC heap after
Heap after GC invocations=6 (full 1):
 PSYoungGen      total 71680K, used 5096K [0x00000000e0000000, 0x00000000e7280000, 0x0000000100000000)
  eden space 66560K, 0% used [0x00000000e0000000,0x00000000e0000000,0x00000000e4100000)
  from space 5120K, 99% used [0x00000000e4100000,0x00000000e45fa2d8,0x00000000e4600000)
  to   space 10240K, 0% used [0x00000000e6880000,0x00000000e6880000,0x00000000e7280000)
 ParOldGen       total 63488K, used 10180K [0x00000000a0000000, 0x00000000a3e00000, 0x00000000e0000000)
  object space 63488K, 16% used [0x00000000a0000000,0x00000000a09f11a0,0x00000000a3e00000)
 Metaspace       used 26293K, capacity 26708K, committed 27008K, reserved 1073152K
  class space    used 3705K, capacity 3864K, committed 3968K, reserved 1048576K
}
Event: 9.641 GC heap before
{Heap before GC invocations=7 (full 1):
 PSYoungGen      total 71680K, used 71656K [0x00000000e0000000, 0x00000000e7280000, 0x0000000100000000)
  eden space 66560K, 100% used [0x00000000e0000000,0x00000000e4100000,0x00000000e4100000)
  from space 5120K, 99% used [0x00000000e4100000,0x00000000e45fa2d8,0x00000000e4600000)
  to   space 10240K, 0% used [0x00000000e6880000,0x00000000e6880000,0x00000000e7280000)
 ParOldGen       total 63488K, used 10180K [0x00000000a0000000, 0x00000000a3e00000, 0x00000000e0000000)
  object space 63488K, 16% used [0x00000000a0000000,0x00000000a09f11a0,0x00000000a3e00000)
 Metaspace       used 31042K, capacity 31594K, committed 31872K, reserved 1077248K
  class space    used 4272K, capacity 4450K, committed 4480K, reserved 1048576K
Event: 9.661 GC heap after
Heap after GC invocations=7 (full 1):
 PSYoungGen      total 105984K, used 8711K [0x00000000e0000000, 0x00000000e7280000, 0x0000000100000000)
  eden space 95744K, 0% used [0x00000000e0000000,0x00000000e0000000,0x00000000e5d80000)
  from space 10240K, 85% used [0x00000000e6880000,0x00000000e7101e78,0x00000000e7280000)
  to   space 10752K, 0% used [0x00000000e5d80000,0x00000000e5d80000,0x00000000e6800000)
 ParOldGen       total 63488K, used 10188K [0x00000000a0000000, 0x00000000a3e00000, 0x00000000e0000000)
  object space 63488K, 16% used [0x00000000a0000000,0x00000000a09f31a0,0x00000000a3e00000)
 Metaspace       used 31042K, capacity 31594K, committed 31872K, reserved 1077248K
  class space    used 4272K, capacity 4450K, committed 4480K, reserved 1048576K
}
Event: 10.810 GC heap before
{Heap before GC invocations=8 (full 1):
 PSYoungGen      total 105984K, used 68282K [0x00000000e0000000, 0x00000000e7280000, 0x0000000100000000)
  eden space 95744K, 62% used [0x00000000e0000000,0x00000000e3a2c9d0,0x00000000e5d80000)
  from space 10240K, 85% used [0x00000000e6880000,0x00000000e7101e78,0x00000000e7280000)
  to   space 10752K, 0% used [0x00000000e5d80000,0x00000000e5d80000,0x00000000e6800000)
 ParOldGen       total 63488K, used 10188K [0x00000000a0000000, 0x00000000a3e00000, 0x00000000e0000000)
  object space 63488K, 16% used [0x00000000a0000000,0x00000000a09f31a0,0x00000000a3e00000)
 Metaspace       used 34573K, capacity 35102K, committed 35456K, reserved 1079296K
  class space    used 4726K, capacity 4908K, committed 4992K, reserved 1048576K
Event: 10.823 GC heap after
Heap after GC invocations=8 (full 1):
 PSYoungGen      total 106496K, used 10350K [0x00000000e0000000, 0x00000000e9e00000, 0x0000000100000000)
  eden space 95744K, 0% used [0x00000000e0000000,0x00000000e0000000,0x00000000e5d80000)
  from space 10752K, 96% used [0x00000000e5d80000,0x00000000e679b8c8,0x00000000e6800000)
  to   space 11776K, 0% used [0x00000000e9280000,0x00000000e9280000,0x00000000e9e00000)
 ParOldGen       total 63488K, used 10196K [0x00000000a0000000, 0x00000000a3e00000, 0x00000000e0000000)
  object space 63488K, 16% used [0x00000000a0000000,0x00000000a09f51a0,0x00000000a3e00000)
 Metaspace       used 34573K, capacity 35102K, committed 35456K, reserved 1079296K
  class space    used 4726K, capacity 4908K, committed 4992K, reserved 1048576K
}
Event: 10.823 GC heap before
{Heap before GC invocations=9 (full 2):
 PSYoungGen      total 106496K, used 10350K [0x00000000e0000000, 0x00000000e9e00000, 0x0000000100000000)
  eden space 95744K, 0% used [0x00000000e0000000,0x00000000e0000000,0x00000000e5d80000)
  from space 10752K, 96% used [0x00000000e5d80000,0x00000000e679b8c8,0x00000000e6800000)
  to   space 11776K, 0% used [0x00000000e9280000,0x00000000e9280000,0x00000000e9e00000)
 ParOldGen       total 63488K, used 10196K [0x00000000a0000000, 0x00000000a3e00000, 0x00000000e0000000)
  object space 63488K, 16% used [0x00000000a0000000,0x00000000a09f51a0,0x00000000a3e00000)
 Metaspace       used 34573K, capacity 35102K, committed 35456K, reserved 1079296K
  class space    used 4726K, capacity 4908K, committed 4992K, reserved 1048576K
Event: 10.931 GC heap after
Heap after GC invocations=9 (full 2):
 PSYoungGen      total 106496K, used 0K [0x00000000e0000000, 0x00000000e9e00000, 0x0000000100000000)
  eden space 95744K, 0% used [0x00000000e0000000,0x00000000e0000000,0x00000000e5d80000)
  from space 10752K, 0% used [0x00000000e5d80000,0x00000000e5d80000,0x00000000e6800000)
  to   space 11776K, 0% used [0x00000000e9280000,0x00000000e9280000,0x00000000e9e00000)
 ParOldGen       total 102912K, used 16530K [0x00000000a0000000, 0x00000000a6480000, 0x00000000e0000000)
  object space 102912K, 16% used [0x00000000a0000000,0x00000000a1024930,0x00000000a6480000)
 Metaspace       used 34573K, capacity 35102K, committed 35456K, reserved 1079296K
  class space    used 4726K, capacity 4908K, committed 4992K, reserved 1048576K
}

