# JRE version: Java(TM) SE Runtime Environment (8.0_131-b11) (build 1.8.0_131-b11)
# Java VM: Java HotSpot(TM) 64-Bit Server VM (25.131-b11 mixed mode windows-amd64 compressed oops)
Heap:
 PSYoungGen      total 96768K, used 28025K [0x00000000e0000000, 0x00000000e8280000, 0x0000000100000000)
  eden space 85504K, 19% used [0x00000000e0000000,0x00000000e1064198,0x00000000e5380000)
  from space 11264K, 99% used [0x00000000e5380000,0x00000000e5e7a3b8,0x00000000e5e80000)
  to   space 12288K, 0% used [0x00000000e7680000,0x00000000e7680000,0x00000000e8280000)
 ParOldGen       total 98816K, used 16322K [0x00000000a0000000, 0x00000000a6080000, 0x00000000e0000000)
  object space 98816K, 16% used [0x00000000a0000000,0x00000000a0ff0bd0,0x00000000a6080000)
 Metaspace       used 44331K, capacity 45378K, committed 45568K, reserved 1089536K
  class space    used 6103K, capacity 6383K, committed 6400K, reserved 1048576K
GC Heap History (10 events):
Event: 10.165 GC heap before
{Heap before GC invocations=9 (full 1):
 PSYoungGen      total 57344K, used 53121K [0x00000000e0000000, 0x00000000e5600000, 0x0000000100000000)
  eden space 47104K, 100% used [0x00000000e0000000,0x00000000e2e00000,0x00000000e2e00000)
  from space 10240K, 58% used [0x00000000e2e00000,0x00000000e33e0428,0x00000000e3800000)
  to   space 9728K, 0% used [0x00000000e4c80000,0x00000000e4c80000,0x00000000e5600000)
 ParOldGen       total 64512K, used 8293K [0x00000000a0000000, 0x00000000a3f00000, 0x00000000e0000000)
  object space 64512K, 12% used [0x00000000a0000000,0x00000000a08197f8,0x00000000a3f00000)
 Metaspace       used 32428K, capacity 32922K, committed 33408K, reserved 1077248K
  class space    used 4464K, capacity 4614K, committed 4736K, reserved 1048576K
Event: 10.180 GC heap after
Heap after GC invocations=9 (full 1):
 PSYoungGen      total 77312K, used 9302K [0x00000000e0000000, 0x00000000e5800000, 0x0000000100000000)
  eden space 67584K, 0% used [0x00000000e0000000,0x00000000e0000000,0x00000000e4200000)
  from space 9728K, 95% used [0x00000000e4c80000,0x00000000e55959f8,0x00000000e5600000)
  to   space 10752K, 0% used [0x00000000e4200000,0x00000000e4200000,0x00000000e4c80000)
 ParOldGen       total 64512K, used 8301K [0x00000000a0000000, 0x00000000a3f00000, 0x00000000e0000000)
  object space 64512K, 12% used [0x00000000a0000000,0x00000000a081b7f8,0x00000000a3f00000)
 Metaspace       used 32428K, capacity 32922K, committed 33408K, reserved 1077248K
  class space    used 4464K, capacity 4614K, committed 4736K, reserved 1048576K
}
Event: 10.814 GC heap before
{Heap before GC invocations=10 (full 1):
 PSYoungGen      total 77312K, used 40193K [0x00000000e0000000, 0x00000000e5800000, 0x0000000100000000)
  eden space 67584K, 45% used [0x00000000e0000000,0x00000000e1e2aca8,0x00000000e4200000)
  from space 9728K, 95% used [0x00000000e4c80000,0x00000000e55959f8,0x00000000e5600000)
  to   space 10752K, 0% used [0x00000000e4200000,0x00000000e4200000,0x00000000e4c80000)
 ParOldGen       total 64512K, used 8301K [0x00000000a0000000, 0x00000000a3f00000, 0x00000000e0000000)
  object space 64512K, 12% used [0x00000000a0000000,0x00000000a081b7f8,0x00000000a3f00000)
 Metaspace       used 34569K, capacity 35102K, committed 35456K, reserved 1079296K
  class space    used 4728K, capacity 4908K, committed 4992K, reserved 1048576K
Event: 10.836 GC heap after
Heap after GC invocations=10 (full 1):
 PSYoungGen      total 78336K, used 9334K [0x00000000e0000000, 0x00000000e6d80000, 0x0000000100000000)
  eden space 67584K, 0% used [0x00000000e0000000,0x00000000e0000000,0x00000000e4200000)
  from space 10752K, 86% used [0x00000000e4200000,0x00000000e4b1d808,0x00000000e4c80000)
  to   space 11264K, 0% used [0x00000000e6280000,0x00000000e6280000,0x00000000e6d80000)
 ParOldGen       total 64512K, used 8309K [0x00000000a0000000, 0x00000000a3f00000, 0x00000000e0000000)
  object space 64512K, 12% used [0x00000000a0000000,0x00000000a081d7f8,0x00000000a3f00000)
 Metaspace       used 34569K, capacity 35102K, committed 35456K, reserved 1079296K
  class space    used 4728K, capacity 4908K, committed 4992K, reserved 1048576K
}
Event: 10.836 GC heap before
{Heap before GC invocations=11 (full 2):
 PSYoungGen      total 78336K, used 9334K [0x00000000e0000000, 0x00000000e6d80000, 0x0000000100000000)
  eden space 67584K, 0% used [0x00000000e0000000,0x00000000e0000000,0x00000000e4200000)
  from space 10752K, 86% used [0x00000000e4200000,0x00000000e4b1d808,0x00000000e4c80000)
  to   space 11264K, 0% used [0x00000000e6280000,0x00000000e6280000,0x00000000e6d80000)
 ParOldGen       total 64512K, used 8309K [0x00000000a0000000, 0x00000000a3f00000, 0x00000000e0000000)
  object space 64512K, 12% used [0x00000000a0000000,0x00000000a081d7f8,0x00000000a3f00000)
 Metaspace       used 34569K, capacity 35102K, committed 35456K, reserved 1079296K
  class space    used 4728K, capacity 4908K, committed 4992K, reserved 1048576K
Event: 10.980 GC heap after
Heap after GC invocations=11 (full 2):
 PSYoungGen      total 78336K, used 0K [0x00000000e0000000, 0x00000000e6d80000, 0x0000000100000000)
  eden space 67584K, 0% used [0x00000000e0000000,0x00000000e0000000,0x00000000e4200000)
  from space 10752K, 0% used [0x00000000e4200000,0x00000000e4200000,0x00000000e4c80000)
  to   space 11264K, 0% used [0x00000000e6280000,0x00000000e6280000,0x00000000e6d80000)
 ParOldGen       total 98816K, used 15593K [0x00000000a0000000, 0x00000000a6080000, 0x00000000e0000000)
  object space 98816K, 15% used [0x00000000a0000000,0x00000000a0f3a5d0,0x00000000a6080000)
 Metaspace       used 34569K, capacity 35102K, committed 35456K, reserved 1079296K
  class space    used 4728K, capacity 4908K, committed 4992K, reserved 1048576K
}
Event: 12.730 GC heap before
{Heap before GC invocations=12 (full 2):
 PSYoungGen      total 78336K, used 67584K [0x00000000e0000000, 0x00000000e6d80000, 0x0000000100000000)
  eden space 67584K, 100% used [0x00000000e0000000,0x00000000e4200000,0x00000000e4200000)
  from space 10752K, 0% used [0x00000000e4200000,0x00000000e4200000,0x00000000e4c80000)
  to   space 11264K, 0% used [0x00000000e6280000,0x00000000e6280000,0x00000000e6d80000)
 ParOldGen       total 98816K, used 15593K [0x00000000a0000000, 0x00000000a6080000, 0x00000000e0000000)
  object space 98816K, 15% used [0x00000000a0000000,0x00000000a0f3a5d0,0x00000000a6080000)
 Metaspace       used 40874K, capacity 41562K, committed 41856K, reserved 1085440K
  class space    used 5589K, capacity 5755K, committed 5760K, reserved 1048576K
Event: 12.743 GC heap after
Heap after GC invocations=12 (full 2):
 PSYoungGen      total 92672K, used 7088K [0x00000000e0000000, 0x00000000e6980000, 0x0000000100000000)
  eden space 85504K, 0% used [0x00000000e0000000,0x00000000e0000000,0x00000000e5380000)
  from space 7168K, 98% used [0x00000000e6280000,0x00000000e696c1c8,0x00000000e6980000)
  to   space 11264K, 0% used [0x00000000e5380000,0x00000000e5380000,0x00000000e5e80000)
 ParOldGen       total 98816K, used 15601K [0x00000000a0000000, 0x00000000a6080000, 0x00000000e0000000)
  object space 98816K, 15% used [0x00000000a0000000,0x00000000a0f3c5d0,0x00000000a6080000)
 Metaspace       used 40874K, capacity 41562K, committed 41856K, reserved 1085440K
  class space    used 5589K, capacity 5755K, committed 5760K, reserved 1048576K
}
Event: 14.297 GC heap before
{Heap before GC invocations=13 (full 2):
 PSYoungGen      total 92672K, used 92592K [0x00000000e0000000, 0x00000000e6980000, 0x0000000100000000)
  eden space 85504K, 100% used [0x00000000e0000000,0x00000000e5380000,0x00000000e5380000)
  from space 7168K, 98% used [0x00000000e6280000,0x00000000e696c1c8,0x00000000e6980000)
  to   space 11264K, 0% used [0x00000000e5380000,0x00000000e5380000,0x00000000e5e80000)
 ParOldGen       total 98816K, used 15601K [0x00000000a0000000, 0x00000000a6080000, 0x00000000e0000000)
  object space 98816K, 15% used [0x00000000a0000000,0x00000000a0f3c5d0,0x00000000a6080000)
 Metaspace       used 43743K, capacity 44756K, committed 44928K, reserved 1087488K
  class space    used 6008K, capacity 6258K, committed 6272K, reserved 1048576K
Event: 14.331 GC heap after
Heap after GC invocations=13 (full 2):
 PSYoungGen      total 96768K, used 11240K [0x00000000e0000000, 0x00000000e8280000, 0x0000000100000000)
  eden space 85504K, 0% used [0x00000000e0000000,0x00000000e0000000,0x00000000e5380000)
  from space 11264K, 99% used [0x00000000e5380000,0x00000000e5e7a3b8,0x00000000e5e80000)
  to   space 12288K, 0% used [0x00000000e7680000,0x00000000e7680000,0x00000000e8280000)
 ParOldGen       total 98816K, used 16322K [0x00000000a0000000, 0x00000000a6080000, 0x00000000e0000000)
  object space 98816K, 16% used [0x00000000a0000000,0x00000000a0ff0bd0,0x00000000a6080000)
 Metaspace       used 43743K, capacity 44756K, committed 44928K, reserved 1087488K
  class space    used 6008K, capacity 6258K, committed 6272K, reserved 1048576K
}

