# JRE version: Java(TM) SE Runtime Environment (8.0_131-b11) (build 1.8.0_131-b11)
# Java VM: Java HotSpot(TM) 64-Bit Server VM (25.131-b11 mixed mode windows-amd64 compressed oops)
Heap:
 PSYoungGen      total 128512K, used 38854K [0x00000000e0000000, 0x00000000e9000000, 0x0000000100000000)
  eden space 120320K, 25% used [0x00000000e0000000,0x00000000e1e10450,0x00000000e7580000)
  from space 8192K, 98% used [0x00000000e8800000,0x00000000e8fe1498,0x00000000e9000000)
  to   space 11264K, 0% used [0x00000000e7a00000,0x00000000e7a00000,0x00000000e8500000)
 ParOldGen       total 64512K, used 16580K [0x00000000a0000000, 0x00000000a3f00000, 0x00000000e0000000)
  object space 64512K, 25% used [0x00000000a0000000,0x00000000a1031198,0x00000000a3f00000)
 Metaspace       used 43177K, capacity 44082K, committed 44416K, reserved 1087488K
  class space    used 5929K, capacity 6177K, committed 6272K, reserved 1048576K
GC Heap History (10 events):
Event: 6.964 GC heap before
{Heap before GC invocations=6 (full 1):
 PSYoungGen      total 71680K, used 66560K [0x00000000e0000000, 0x00000000e4b00000, 0x0000000100000000)
  eden space 66560K, 100% used [0x00000000e0000000,0x00000000e4100000,0x00000000e4100000)
  from space 5120K, 0% used [0x00000000e4600000,0x00000000e4600000,0x00000000e4b00000)
  to   space 5120K, 0% used [0x00000000e4100000,0x00000000e4100000,0x00000000e4600000)
 ParOldGen       total 64512K, used 7988K [0x00000000a0000000, 0x00000000a3f00000, 0x00000000e0000000)
  object space 64512K, 12% used [0x00000000a0000000,0x00000000a07cd1a0,0x00000000a3f00000)
 Metaspace       used 26301K, capacity 26772K, committed 27008K, reserved 1073152K
  class space    used 3710K, capacity 3864K, committed 3968K, reserved 1048576K
Event: 6.972 GC heap after
Heap after GC invocations=6 (full 1):
 PSYoungGen      total 71680K, used 5113K [0x00000000e0000000, 0x00000000e7000000, 0x0000000100000000)
  eden space 66560K, 0% used [0x00000000e0000000,0x00000000e0000000,0x00000000e4100000)
  from space 5120K, 99% used [0x00000000e4100000,0x00000000e45fe660,0x00000000e4600000)
  to   space 10240K, 0% used [0x00000000e6600000,0x00000000e6600000,0x00000000e7000000)
 ParOldGen       total 64512K, used 10213K [0x00000000a0000000, 0x00000000a3f00000, 0x00000000e0000000)
  object space 64512K, 15% used [0x00000000a0000000,0x00000000a09f9420,0x00000000a3f00000)
 Metaspace       used 26301K, capacity 26772K, committed 27008K, reserved 1073152K
  class space    used 3710K, capacity 3864K, committed 3968K, reserved 1048576K
}
Event: 9.143 GC heap before
{Heap before GC invocations=7 (full 1):
 PSYoungGen      total 71680K, used 71673K [0x00000000e0000000, 0x00000000e7000000, 0x0000000100000000)
  eden space 66560K, 100% used [0x00000000e0000000,0x00000000e4100000,0x00000000e4100000)
  from space 5120K, 99% used [0x00000000e4100000,0x00000000e45fe660,0x00000000e4600000)
  to   space 10240K, 0% used [0x00000000e6600000,0x00000000e6600000,0x00000000e7000000)
 ParOldGen       total 64512K, used 10213K [0x00000000a0000000, 0x00000000a3f00000, 0x00000000e0000000)
  object space 64512K, 15% used [0x00000000a0000000,0x00000000a09f9420,0x00000000a3f00000)
 Metaspace       used 31038K, capacity 31626K, committed 32000K, reserved 1077248K
  class space    used 4277K, capacity 4482K, committed 4608K, reserved 1048576K
Event: 9.153 GC heap after
Heap after GC invocations=7 (full 1):
 PSYoungGen      total 99840K, used 8657K [0x00000000e0000000, 0x00000000e6e80000, 0x0000000100000000)
  eden space 91136K, 0% used [0x00000000e0000000,0x00000000e0000000,0x00000000e5900000)
  from space 8704K, 99% used [0x00000000e6600000,0x00000000e6e746a8,0x00000000e6e80000)
  to   space 10752K, 0% used [0x00000000e5980000,0x00000000e5980000,0x00000000e6400000)
 ParOldGen       total 64512K, used 10221K [0x00000000a0000000, 0x00000000a3f00000, 0x00000000e0000000)
  object space 64512K, 15% used [0x00000000a0000000,0x00000000a09fb420,0x00000000a3f00000)
 Metaspace       used 31038K, capacity 31626K, committed 32000K, reserved 1077248K
  class space    used 4277K, capacity 4482K, committed 4608K, reserved 1048576K
}
Event: 10.312 GC heap before
{Heap before GC invocations=8 (full 1):
 PSYoungGen      total 99840K, used 68281K [0x00000000e0000000, 0x00000000e6e80000, 0x0000000100000000)
  eden space 91136K, 65% used [0x00000000e0000000,0x00000000e3a39fc8,0x00000000e5900000)
  from space 8704K, 99% used [0x00000000e6600000,0x00000000e6e746a8,0x00000000e6e80000)
  to   space 10752K, 0% used [0x00000000e5980000,0x00000000e5980000,0x00000000e6400000)
 ParOldGen       total 64512K, used 10221K [0x00000000a0000000, 0x00000000a3f00000, 0x00000000e0000000)
  object space 64512K, 15% used [0x00000000a0000000,0x00000000a09fb420,0x00000000a3f00000)
 Metaspace       used 34564K, capacity 35102K, committed 35456K, reserved 1079296K
  class space    used 4730K, capacity 4908K, committed 4992K, reserved 1048576K
Event: 10.332 GC heap after
Heap after GC invocations=8 (full 1):
 PSYoungGen      total 102400K, used 10215K [0x00000000e0000000, 0x00000000e9380000, 0x0000000100000000)
  eden space 91648K, 0% used [0x00000000e0000000,0x00000000e0000000,0x00000000e5980000)
  from space 10752K, 95% used [0x00000000e5980000,0x00000000e6379c90,0x00000000e6400000)
  to   space 11776K, 0% used [0x00000000e8800000,0x00000000e8800000,0x00000000e9380000)
 ParOldGen       total 64512K, used 10293K [0x00000000a0000000, 0x00000000a3f00000, 0x00000000e0000000)
  object space 64512K, 15% used [0x00000000a0000000,0x00000000a0a0d430,0x00000000a3f00000)
 Metaspace       used 34564K, capacity 35102K, committed 35456K, reserved 1079296K
  class space    used 4730K, capacity 4908K, committed 4992K, reserved 1048576K
}
Event: 10.332 GC heap before
{Heap before GC invocations=9 (full 2):
 PSYoungGen      total 102400K, used 10215K [0x00000000e0000000, 0x00000000e9380000, 0x0000000100000000)
  eden space 91648K, 0% used [0x00000000e0000000,0x00000000e0000000,0x00000000e5980000)
  from space 10752K, 95% used [0x00000000e5980000,0x00000000e6379c90,0x00000000e6400000)
  to   space 11776K, 0% used [0x00000000e8800000,0x00000000e8800000,0x00000000e9380000)
 ParOldGen       total 64512K, used 10293K [0x00000000a0000000, 0x00000000a3f00000, 0x00000000e0000000)
  object space 64512K, 15% used [0x00000000a0000000,0x00000000a0a0d430,0x00000000a3f00000)
 Metaspace       used 34564K, capacity 35102K, committed 35456K, reserved 1079296K
  class space    used 4730K, capacity 4908K, committed 4992K, reserved 1048576K
Event: 10.466 GC heap after
Heap after GC invocations=9 (full 2):
 PSYoungGen      total 102400K, used 0K [0x00000000e0000000, 0x00000000e9380000, 0x0000000100000000)
  eden space 91648K, 0% used [0x00000000e0000000,0x00000000e0000000,0x00000000e5980000)
  from space 10752K, 0% used [0x00000000e5980000,0x00000000e5980000,0x00000000e6400000)
  to   space 11776K, 0% used [0x00000000e8800000,0x00000000e8800000,0x00000000e9380000)
 ParOldGen       total 64512K, used 16508K [0x00000000a0000000, 0x00000000a3f00000, 0x00000000e0000000)
  object space 64512K, 25% used [0x00000000a0000000,0x00000000a101f188,0x00000000a3f00000)
 Metaspace       used 34564K, capacity 35102K, committed 35456K, reserved 1079296K
  class space    used 4730K, capacity 4908K, committed 4992K, reserved 1048576K
}
Event: 12.500 GC heap before
{Heap before GC invocations=10 (full 2):
 PSYoungGen      total 102400K, used 91648K [0x00000000e0000000, 0x00000000e9380000, 0x0000000100000000)
  eden space 91648K, 100% used [0x00000000e0000000,0x00000000e5980000,0x00000000e5980000)
  from space 10752K, 0% used [0x00000000e5980000,0x00000000e5980000,0x00000000e6400000)
  to   space 11776K, 0% used [0x00000000e8800000,0x00000000e8800000,0x00000000e9380000)
 ParOldGen       total 64512K, used 16508K [0x00000000a0000000, 0x00000000a3f00000, 0x00000000e0000000)
  object space 64512K, 25% used [0x00000000a0000000,0x00000000a101f188,0x00000000a3f00000)
 Metaspace       used 41130K, capacity 41804K, committed 42240K, reserved 1085440K
  class space    used 5606K, capacity 5790K, committed 5888K, reserved 1048576K
Event: 12.510 GC heap after
Heap after GC invocations=10 (full 2):
 PSYoungGen      total 128512K, used 8069K [0x00000000e0000000, 0x00000000e9000000, 0x0000000100000000)
  eden space 120320K, 0% used [0x00000000e0000000,0x00000000e0000000,0x00000000e7580000)
  from space 8192K, 98% used [0x00000000e8800000,0x00000000e8fe1498,0x00000000e9000000)
  to   space 11264K, 0% used [0x00000000e7a00000,0x00000000e7a00000,0x00000000e8500000)
 ParOldGen       total 64512K, used 16580K [0x00000000a0000000, 0x00000000a3f00000, 0x00000000e0000000)
  object space 64512K, 25% used [0x00000000a0000000,0x00000000a1031198,0x00000000a3f00000)
 Metaspace       used 41130K, capacity 41804K, committed 42240K, reserved 1085440K
  class space    used 5606K, capacity 5790K, committed 5888K, reserved 1048576K
}

